error: Error en Users: Campos Incompletos | tipo ValidationError
error: Error en Users:  email: a@b.com ya existe | tipo DuplicateEmailError
error: Error en Users:  email: a@b.com ya existe | tipo DuplicateEmailError
error: Error en Users:  email: a@b.com ya existe | tipo DuplicateEmailError
error: Error en Users:  email: a@b.com ya existe | tipo DuplicateEmailError
error: Error en Users:  email: a@b.com ya existe | tipo DuplicateEmailError
error: Error en Cart: campo inexistente | tipo ValidationError
error: Error en Cart: campo inexistente | tipo ValidationError
error: Error en Cart: campo inexistente | tipo ValidationError
error: Error en Cart: campo inexistente | tipo ValidationError
error: Error en Cart: Error al encontrar el carrito | tipo CartNotFoundError
error: Error en Cart: Error al encontrar el carrito | tipo CartNotFoundError
error: Error en Cart: Error al encontrar el carrito | tipo CartNotFoundError
error: Error en Cart: Error al encontrar el carrito | tipo CartNotFoundError
error: Error en Cart: Error al encontrar el carrito | tipo CartNotFoundError
error: Error en Cart: Error al encontrar el carrito | tipo CartNotFoundError
error: Error en Cart: Error al encontrar el carrito | tipo CartNotFoundError
error: Error en Cart: Error al encontrar el carrito | tipo CartNotFoundError
error: Error en Cart: Error al encontrar el carrito | tipo CartNotFoundError
error: Error en Cart: Error al encontrar el carrito | tipo CartNotFoundError
error: Error en Cart: Error al encontrar el carrito | tipo CartNotFoundError
error: Error en Cart: Error al encontrar el carrito | tipo CartNotFoundError
error: Error en Cart: Error al encontrar el carrito | tipo CartNotFoundError
error: Error en Cart: Error al encontrar el carrito | tipo CartNotFoundError
error: Error en Cart: Campo sin completar | tipo ValidationError
error: Error en Cart: Campo sin completar | tipo ValidationError
error: Error en Cart: Error al encontrar el carrito | tipo CartNotFoundError
warn: Error inesperado en Users: data must be a string or Buffer and salt must either be a salt string or a number of rounds
error: Error en Cart: Campo sin completar | tipo ValidationError
warn: Error inesperado en Users: data must be a string or Buffer and salt must either be a salt string or a number of rounds
error: Error en Users:  email: email@mail.com ya existe | tipo DuplicateEmailError
error: Error en Productos: Campos incompletos | tipo ValidationError
error: Error en Users:  email: email@mail.com ya existe | tipo DuplicateEmailError
error: Error en Productos: Campos incompletos | tipo ValidationError
error: Error en Cart: Campo sin completar | tipo ValidationError
error: Error en Users:  email: email@mail.com ya existe | tipo DuplicateEmailError
error: Error en Productos: Campos incompletos | tipo ValidationError
error: Error en Cart: Campo sin completar | tipo ValidationError
error: Error en Productos: Campos incompletos | tipo ValidationError
error: Error en Productos: Campos incompletos | tipo ValidationError
error: Error en Users:  email: email@mail.com ya existe | tipo DuplicateEmailError
error: Error en Productos: Campos incompletos | tipo ValidationError
error: Error en Cart: Campo sin completar | tipo ValidationError
error: Error en Users:  email: email@mail.com ya existe | tipo DuplicateEmailError
error: Error en Users:  email: email@mail.com ya existe | tipo DuplicateEmailError
error: Error en Users:  email: email@mail.com ya existe | tipo DuplicateEmailError
error: Error en Users:  email: email@mail.com ya existe | tipo DuplicateEmailError
error: Error en Users:  email: email@mail.com ya existe | tipo DuplicateEmailError
error: Error en Users:  email: email@mail.com ya existe | tipo DuplicateEmailError
error: Error en Users:  email: email@mail.com ya existe | tipo DuplicateEmailError
error: Error en Users:  email: email@mail.com ya existe | tipo DuplicateEmailError
error: Error en Users:  email: email@mail.com ya existe | tipo DuplicateEmailError
error: Error en Productos: titulo de producto ya existente | tipo ProductAlreadyExistsError
error: Error en Cart: Campo sin completar | tipo ValidationError
error: Error en Cart: Campo sin completar | tipo ValidationError
error: Error en Users:  email: email@mail.com ya existe | tipo DuplicateEmailError
error: Error en Productos: titulo de producto ya existente | tipo ProductAlreadyExistsError
error: Error en Cart: Campo sin completar | tipo ValidationError
error: Error en Users:  email: email@mail.com ya existe | tipo DuplicateEmailError
error: Error en Productos: titulo de producto ya existente | tipo ProductAlreadyExistsError
error: Error en Cart: Campo sin completar | tipo ValidationError
warn: Error inesperado en Cart: ProductAlreadyExistError is not defined
error: Error en Cart: Producto no existe dentro del carrito | tipo ProdCartNotFoundError
error: Error en Cart: Error al encontrar el producto | tipo ProductAlreadyExistError
error: Error en Cart: Producto no existe dentro del carrito | tipo ProdCartNotFoundError
error: Error en Users:  email: email@mail.com ya existe | tipo DuplicateEmailError
error: Error en Productos: titulo de producto ya existente | tipo ProductAlreadyExistsError
error: Error en Cart: Campo sin completar | tipo ValidationError
error: Error en Productos: titulo de producto ya existente | tipo ProductAlreadyExistsError
error: Error en Productos: Campo incompleto | tipo ValidationError
error: Error en Productos: Producto no Encontrado | tipo ProductNotFoundError
error: Error en Productos: Producto no Encontrado | tipo ProductNotFoundError
error: Error en Productos: Campo/s incompleto | tipo ValidationError
error: Error en Productos: Campo/s incompleto | tipo ValidationError
error: Error en Productos: Campo/s incompleto | tipo ValidationError
error: Error en Productos: Campo/s incompleto | tipo ValidationError
error: Error en Productos: Campo/s incompleto | tipo ValidationError
warn: Error inesperado en Users: Cast to ObjectId failed for value "email@mail.com" (type string) at path "_id" for model "users"
warn: Error inesperado en Productos: Usuario no encontrado
warn: Error inesperado en Users: Cast to ObjectId failed for value "email@mail.com" (type string) at path "_id" for model "users"
warn: Error inesperado en Productos: Usuario no encontrado
error: Error en Productos: Campos Incompletos | tipo ValidationError
error: Error en Productos: Campos Incompletos | tipo ValidationError
error: Error en Users: Campos Incompletos | tipo ValidationError
error: Error en Users: Campos Incompletos | tipo ValidationError
error: Error en Users:  email: Mock@mail.com ya existe | tipo DuplicateEmailError
error: Error en Users:  email: Mock@mail.com ya existe | tipo DuplicateEmailError
error: Error en Users: Campo incompleto | tipo ValidationError
error: Error en Users:  email: Mock@mail.com ya existe | tipo DuplicateEmailError
error: Error en Users: Campo incompleto | tipo ValidationError
error: Error en Users: Email no encontrado | tipo UserNotFoundError
error: Error en Users: Email no encontrado | tipo UserNotFoundError
error: Error en Users: Email no encontrado | tipo UserNotFoundError
error: Error en Users:  email: Mock@mail.com ya existe | tipo DuplicateEmailError
error: Error en Users: Campo incompleto | tipo ValidationError
error: Error en Users: Campo incompleto | tipo ValidationError
error: Error en Users: Email no encontrado | tipo UserNotFoundError
error: Error en Users: Email no encontrado | tipo UserNotFoundError
error: Error en Users: Email no encontrado | tipo UserNotFoundError
error: Error en Users: Email no encontrado | tipo UserNotFoundError
error: Error en Users: Email no encontrado | tipo UserNotFoundError
error: Error en Users: Email no encontrado | tipo UserNotFoundError
error: Error en Users:  email: Mock@mail.com ya existe | tipo DuplicateEmailError
error: Error en Users: Campo incompleto | tipo ValidationError
error: Error en Users: Campo incompleto | tipo ValidationError
error: Error en Users: Email no encontrado | tipo UserNotFoundError
error: Error en Users:  email: Mock@mail.com ya existe | tipo DuplicateEmailError
error: Error en Users:  email: Mock@mail.com ya existe | tipo DuplicateEmailError
error: Error en Users:  email: Mock@mail.com ya existe | tipo DuplicateEmailError
error: Error en Users:  email: Mock@mail.com ya existe | tipo DuplicateEmailError
error: Error en Users: Campo incompleto | tipo ValidationError
error: Error en Users: Campo incompleto | tipo ValidationError
error: Error en Users:  email: Mock@mail.com ya existe | tipo DuplicateEmailError
error: Error en Users: Campo incompleto | tipo ValidationError
error: Error en Users: Campo incompleto | tipo ValidationError
error: Error en Users:  email: Mock@mail.com ya existe | tipo DuplicateEmailError
error: Error en Users: Campo incompleto | tipo ValidationError
error: Error en Users: Campo incompleto | tipo ValidationError
error: Error en Users:  email: Mock@mail.com ya existe | tipo DuplicateEmailError
error: Error en Users: Campo incompleto | tipo ValidationError
error: Error en Users: Campo incompleto | tipo ValidationError
error: Error en Users:  email: Mock@mail.com ya existe | tipo DuplicateEmailError
error: Error en Users: Campo incompleto | tipo ValidationError
error: Error en Users: Campo incompleto | tipo ValidationError
error: Error en Users:  email: Mock@mail.com ya existe | tipo DuplicateEmailError
error: Error en Users: Campo incompleto | tipo ValidationError
error: Error en Users: Campo incompleto | tipo ValidationError
error: Error en Users:  email: Mock@mail.com ya existe | tipo DuplicateEmailError
error: Error en Users: Campo incompleto | tipo ValidationError
error: Error en Users: Campo incompleto | tipo ValidationError
error: Error en Users:  email: Mock@mail.com ya existe | tipo DuplicateEmailError
error: Error en Users: Campo incompleto | tipo ValidationError
error: Error en Users: Email no encontrado | tipo UserNotFoundError
error: Error en Users: Email no encontrado | tipo UserNotFoundError
error: Error en Users: usuario no encontrado | tipo UserNotFoundError
error: Error en Users: Usuario no encontrado | tipo UserNotFoundError
error: Error en Users: Usuario no encontrado | tipo UserNotFoundError
error: Error en Users: Usuario no encontrado | tipo UserNotFoundError
error: Error en Users: Usuario no encontrado | tipo UserNotFoundError
error: Error en Users: Usuario no encontrado | tipo UserNotFoundError
error: Error en Users: Usuario no encontrado | tipo UserNotFoundError
error: Error en Users: Usuario no encontrado | tipo UserNotFoundError
error: Error en Users: Usuario no encontrado | tipo UserNotFoundError
error: Error en Users: Usuario no encontrado | tipo UserNotFoundError
error: Error en Users: Usuario no encontrado | tipo UserNotFoundError
error: Error en Users: Usuario no encontrado | tipo UserNotFoundError
error: Error en Users: Campo incompleto | tipo ValidationError
error: Error en Users: Usuario no encontrado | tipo UserNotFoundError
error: Error en Users: Usuario no encontrado | tipo UserNotFoundError
error: Error en Users: Usuario no encontrado | tipo UserNotFoundError
error: Error en Users: Email no encontrado | tipo UserNotFoundError
error: Error en Users: Email no encontrado | tipo UserNotFoundError
error: Error en Users: Email no encontrado | tipo UserNotFoundError
error: Error en Users: Email no encontrado | tipo UserNotFoundError
warn: Error inesperado en Users: data and hash arguments required
error: Error en Users: Campos incompletos | tipo ValidationError
warn: Error inesperado en Users: data and hash arguments required
error: Error en Users:  email: Mock@mail.com ya existe | tipo DuplicateEmailError
error: Error en Users: Campo incompleto | tipo ValidationError
warn: Error inesperado en Users: data and hash arguments required
error: Error en Productos: Campos Incompletos | tipo ValidationError
error: Error en Productos: Campos Incompletos | tipo ValidationError
error: Error en Productos: Campos Incompletos | tipo ValidationError
error: Error en Productos: Campos Incompletos | tipo ValidationError
error: Error en Productos: Campos Incompletos | tipo ValidationError
error: Error en Productos: Campos Incompletos | tipo ValidationError
error: Error en Productos: titulo de producto ya existente | tipo ProductAlreadyExistsError
error: Error en Productos: titulo de producto ya existente | tipo ProductAlreadyExistsError
error: Error en Productos: titulo de producto ya existente | tipo ProductAlreadyExistsError
error: Error en Productos: Campos Incompletos | tipo ValidationError
